{"/Users/parkhyunwoo/PycharmProjects/jsProject/tddOnBoard/app/api/mongo.js": {"path":"/Users/parkhyunwoo/PycharmProjects/jsProject/tddOnBoard/app/api/mongo.js","statementMap":{"0":{"start":{"line":12,"column":29},"end":{"line":15,"column":1}},"1":{"start":{"line":14,"column":4},"end":{"line":14,"column":14}},"2":{"start":{"line":17,"column":29},"end":{"line":26,"column":1}},"3":{"start":{"line":22,"column":4},"end":{"line":24,"column":5}},"4":{"start":{"line":23,"column":8},"end":{"line":23,"column":21}},"5":{"start":{"line":25,"column":4},"end":{"line":25,"column":16}}},"fnMap":{"0":{"name":"(anonymous_0)","decl":{"start":{"line":12,"column":29},"end":{"line":12,"column":30}},"loc":{"start":{"line":12,"column":46},"end":{"line":15,"column":1}},"line":12},"1":{"name":"(anonymous_1)","decl":{"start":{"line":17,"column":29},"end":{"line":17,"column":30}},"loc":{"start":{"line":17,"column":57},"end":{"line":26,"column":1}},"line":17}},"branchMap":{"0":{"loc":{"start":{"line":22,"column":4},"end":{"line":24,"column":5}},"type":"if","locations":[{"start":{"line":22,"column":4},"end":{"line":24,"column":5}},{"start":{},"end":{}}],"line":22}},"s":{"0":1,"1":13,"2":1,"3":10,"4":1,"5":9},"f":{"0":13,"1":10},"b":{"0":[1,9]},"_coverageSchema":"1a1c01bbd47fc00a2c39e90264f33305004495a9","hash":"6fbe6b2d54d3dd555b40ae9a861316887c13e12d"}
,"/Users/parkhyunwoo/PycharmProjects/jsProject/tddOnBoard/app/func/Card.js": {"path":"/Users/parkhyunwoo/PycharmProjects/jsProject/tddOnBoard/app/func/Card.js","statementMap":{"0":{"start":{"line":3,"column":8},"end":{"line":3,"column":34}},"1":{"start":{"line":4,"column":8},"end":{"line":4,"column":32}},"2":{"start":{"line":5,"column":8},"end":{"line":5,"column":34}},"3":{"start":{"line":6,"column":8},"end":{"line":6,"column":28}},"4":{"start":{"line":10,"column":8},"end":{"line":10,"column":30}},"5":{"start":{"line":14,"column":8},"end":{"line":14,"column":29}},"6":{"start":{"line":18,"column":8},"end":{"line":18,"column":30}},"7":{"start":{"line":22,"column":8},"end":{"line":22,"column":27}},"8":{"start":{"line":26,"column":28},"end":{"line":29,"column":1}},"9":{"start":{"line":27,"column":53},"end":{"line":27,"column":63}},"10":{"start":{"line":28,"column":4},"end":{"line":28,"column":53}},"11":{"start":{"line":31,"column":25},"end":{"line":41,"column":1}},"12":{"start":{"line":32,"column":53},"end":{"line":32,"column":63}},"13":{"start":{"line":33,"column":32},"end":{"line":33,"column":43}},"14":{"start":{"line":34,"column":23},"end":{"line":34,"column":41}},"15":{"start":{"line":35,"column":4},"end":{"line":39,"column":5}},"16":{"start":{"line":36,"column":8},"end":{"line":36,"column":21}},"17":{"start":{"line":38,"column":8},"end":{"line":38,"column":20}},"18":{"start":{"line":43,"column":17},"end":{"line":65,"column":1}}},"fnMap":{"0":{"name":"(anonymous_0)","decl":{"start":{"line":2,"column":4},"end":{"line":2,"column":5}},"loc":{"start":{"line":2,"column":52},"end":{"line":7,"column":5}},"line":2},"1":{"name":"(anonymous_1)","decl":{"start":{"line":9,"column":4},"end":{"line":9,"column":5}},"loc":{"start":{"line":9,"column":19},"end":{"line":11,"column":5}},"line":9},"2":{"name":"(anonymous_2)","decl":{"start":{"line":13,"column":4},"end":{"line":13,"column":5}},"loc":{"start":{"line":13,"column":18},"end":{"line":15,"column":5}},"line":13},"3":{"name":"(anonymous_3)","decl":{"start":{"line":17,"column":4},"end":{"line":17,"column":5}},"loc":{"start":{"line":17,"column":19},"end":{"line":19,"column":5}},"line":17},"4":{"name":"(anonymous_4)","decl":{"start":{"line":21,"column":4},"end":{"line":21,"column":5}},"loc":{"start":{"line":21,"column":16},"end":{"line":23,"column":5}},"line":21},"5":{"name":"(anonymous_5)","decl":{"start":{"line":26,"column":28},"end":{"line":26,"column":29}},"loc":{"start":{"line":26,"column":44},"end":{"line":29,"column":1}},"line":26},"6":{"name":"(anonymous_6)","decl":{"start":{"line":31,"column":25},"end":{"line":31,"column":26}},"loc":{"start":{"line":31,"column":54},"end":{"line":41,"column":1}},"line":31}},"branchMap":{"0":{"loc":{"start":{"line":35,"column":4},"end":{"line":39,"column":5}},"type":"if","locations":[{"start":{"line":35,"column":4},"end":{"line":39,"column":5}},{"start":{"line":37,"column":11},"end":{"line":39,"column":5}}],"line":35}},"s":{"0":2,"1":2,"2":2,"3":2,"4":0,"5":0,"6":0,"7":0,"8":1,"9":1,"10":1,"11":1,"12":1,"13":1,"14":1,"15":1,"16":1,"17":0,"18":1},"f":{"0":2,"1":0,"2":0,"3":0,"4":0,"5":1,"6":1},"b":{"0":[1,0]},"_coverageSchema":"1a1c01bbd47fc00a2c39e90264f33305004495a9","hash":"6b117245152b8ec180effac74364e0686b6c4697"}
,"/Users/parkhyunwoo/PycharmProjects/jsProject/tddOnBoard/app/func/Order.js": {"path":"/Users/parkhyunwoo/PycharmProjects/jsProject/tddOnBoard/app/func/Order.js","statementMap":{"0":{"start":{"line":3,"column":27},"end":{"line":14,"column":1}},"1":{"start":{"line":19,"column":8},"end":{"line":19,"column":34}},"2":{"start":{"line":20,"column":8},"end":{"line":20,"column":40}},"3":{"start":{"line":21,"column":8},"end":{"line":21,"column":30}},"4":{"start":{"line":22,"column":8},"end":{"line":22,"column":34}},"5":{"start":{"line":23,"column":8},"end":{"line":23,"column":26}},"6":{"start":{"line":24,"column":8},"end":{"line":24,"column":28}},"7":{"start":{"line":28,"column":8},"end":{"line":28,"column":30}},"8":{"start":{"line":32,"column":8},"end":{"line":32,"column":33}},"9":{"start":{"line":36,"column":8},"end":{"line":36,"column":28}},"10":{"start":{"line":40,"column":8},"end":{"line":40,"column":30}},"11":{"start":{"line":44,"column":8},"end":{"line":44,"column":26}},"12":{"start":{"line":48,"column":8},"end":{"line":48,"column":31}},"13":{"start":{"line":52,"column":8},"end":{"line":52,"column":34}},"14":{"start":{"line":56,"column":8},"end":{"line":56,"column":29}},"15":{"start":{"line":60,"column":8},"end":{"line":60,"column":31}},"16":{"start":{"line":64,"column":8},"end":{"line":64,"column":27}},"17":{"start":{"line":69,"column":28},"end":{"line":77,"column":1}},"18":{"start":{"line":70,"column":63},"end":{"line":70,"column":74}},"19":{"start":{"line":72,"column":21},"end":{"line":72,"column":48}},"20":{"start":{"line":73,"column":4},"end":{"line":75,"column":5}},"21":{"start":{"line":74,"column":8},"end":{"line":74,"column":53}},"22":{"start":{"line":76,"column":4},"end":{"line":76,"column":23}},"23":{"start":{"line":79,"column":29},"end":{"line":91,"column":1}},"24":{"start":{"line":80,"column":63},"end":{"line":80,"column":74}},"25":{"start":{"line":83,"column":4},"end":{"line":89,"column":5}},"26":{"start":{"line":84,"column":8},"end":{"line":84,"column":54}},"27":{"start":{"line":88,"column":8},"end":{"line":88,"column":52}},"28":{"start":{"line":90,"column":4},"end":{"line":90,"column":23}},"29":{"start":{"line":93,"column":25},"end":{"line":101,"column":1}},"30":{"start":{"line":98,"column":20},"end":{"line":98,"column":47}},"31":{"start":{"line":99,"column":25},"end":{"line":99,"column":48}},"32":{"start":{"line":100,"column":4},"end":{"line":100,"column":26}},"33":{"start":{"line":103,"column":21},"end":{"line":105,"column":1}},"34":{"start":{"line":104,"column":4},"end":{"line":104,"column":16}},"35":{"start":{"line":107,"column":29},"end":{"line":110,"column":1}},"36":{"start":{"line":108,"column":4},"end":{"line":108,"column":52}},"37":{"start":{"line":109,"column":4},"end":{"line":109,"column":23}},"38":{"start":{"line":112,"column":30},"end":{"line":117,"column":1}},"39":{"start":{"line":114,"column":4},"end":{"line":114,"column":53}},"40":{"start":{"line":116,"column":4},"end":{"line":116,"column":23}},"41":{"start":{"line":119,"column":29},"end":{"line":122,"column":1}},"42":{"start":{"line":120,"column":4},"end":{"line":120,"column":52}},"43":{"start":{"line":121,"column":4},"end":{"line":121,"column":23}},"44":{"start":{"line":124,"column":30},"end":{"line":128,"column":1}},"45":{"start":{"line":126,"column":4},"end":{"line":126,"column":53}},"46":{"start":{"line":127,"column":4},"end":{"line":127,"column":23}}},"fnMap":{"0":{"name":"(anonymous_0)","decl":{"start":{"line":18,"column":4},"end":{"line":18,"column":5}},"loc":{"start":{"line":18,"column":70},"end":{"line":25,"column":5}},"line":18},"1":{"name":"(anonymous_1)","decl":{"start":{"line":27,"column":4},"end":{"line":27,"column":5}},"loc":{"start":{"line":27,"column":19},"end":{"line":29,"column":5}},"line":27},"2":{"name":"(anonymous_2)","decl":{"start":{"line":31,"column":4},"end":{"line":31,"column":5}},"loc":{"start":{"line":31,"column":22},"end":{"line":33,"column":5}},"line":31},"3":{"name":"(anonymous_3)","decl":{"start":{"line":35,"column":4},"end":{"line":35,"column":5}},"loc":{"start":{"line":35,"column":17},"end":{"line":37,"column":5}},"line":35},"4":{"name":"(anonymous_4)","decl":{"start":{"line":39,"column":4},"end":{"line":39,"column":5}},"loc":{"start":{"line":39,"column":19},"end":{"line":41,"column":5}},"line":39},"5":{"name":"(anonymous_5)","decl":{"start":{"line":43,"column":4},"end":{"line":43,"column":5}},"loc":{"start":{"line":43,"column":15},"end":{"line":45,"column":5}},"line":43},"6":{"name":"(anonymous_6)","decl":{"start":{"line":47,"column":4},"end":{"line":47,"column":5}},"loc":{"start":{"line":47,"column":24},"end":{"line":49,"column":5}},"line":47},"7":{"name":"(anonymous_7)","decl":{"start":{"line":51,"column":4},"end":{"line":51,"column":5}},"loc":{"start":{"line":51,"column":27},"end":{"line":53,"column":5}},"line":51},"8":{"name":"(anonymous_8)","decl":{"start":{"line":55,"column":4},"end":{"line":55,"column":5}},"loc":{"start":{"line":55,"column":22},"end":{"line":57,"column":5}},"line":55},"9":{"name":"(anonymous_9)","decl":{"start":{"line":59,"column":4},"end":{"line":59,"column":5}},"loc":{"start":{"line":59,"column":24},"end":{"line":61,"column":5}},"line":59},"10":{"name":"(anonymous_10)","decl":{"start":{"line":63,"column":4},"end":{"line":63,"column":5}},"loc":{"start":{"line":63,"column":20},"end":{"line":65,"column":5}},"line":63},"11":{"name":"(anonymous_11)","decl":{"start":{"line":69,"column":28},"end":{"line":69,"column":29}},"loc":{"start":{"line":69,"column":45},"end":{"line":77,"column":1}},"line":69},"12":{"name":"(anonymous_12)","decl":{"start":{"line":79,"column":29},"end":{"line":79,"column":30}},"loc":{"start":{"line":79,"column":46},"end":{"line":91,"column":1}},"line":79},"13":{"name":"(anonymous_13)","decl":{"start":{"line":93,"column":25},"end":{"line":93,"column":26}},"loc":{"start":{"line":93,"column":42},"end":{"line":101,"column":1}},"line":93},"14":{"name":"(anonymous_14)","decl":{"start":{"line":103,"column":21},"end":{"line":103,"column":22}},"loc":{"start":{"line":103,"column":37},"end":{"line":105,"column":1}},"line":103},"15":{"name":"(anonymous_15)","decl":{"start":{"line":107,"column":29},"end":{"line":107,"column":30}},"loc":{"start":{"line":107,"column":46},"end":{"line":110,"column":1}},"line":107},"16":{"name":"(anonymous_16)","decl":{"start":{"line":112,"column":30},"end":{"line":112,"column":31}},"loc":{"start":{"line":112,"column":47},"end":{"line":117,"column":1}},"line":112},"17":{"name":"(anonymous_17)","decl":{"start":{"line":119,"column":29},"end":{"line":119,"column":30}},"loc":{"start":{"line":119,"column":46},"end":{"line":122,"column":1}},"line":119},"18":{"name":"(anonymous_18)","decl":{"start":{"line":124,"column":30},"end":{"line":124,"column":31}},"loc":{"start":{"line":124,"column":47},"end":{"line":128,"column":1}},"line":124}},"branchMap":{"0":{"loc":{"start":{"line":73,"column":4},"end":{"line":75,"column":5}},"type":"if","locations":[{"start":{"line":73,"column":4},"end":{"line":75,"column":5}},{"start":{},"end":{}}],"line":73},"1":{"loc":{"start":{"line":83,"column":4},"end":{"line":89,"column":5}},"type":"if","locations":[{"start":{"line":83,"column":4},"end":{"line":89,"column":5}},{"start":{"line":85,"column":11},"end":{"line":89,"column":5}}],"line":83}},"s":{"0":1,"1":30,"2":30,"3":30,"4":30,"5":30,"6":30,"7":0,"8":0,"9":0,"10":0,"11":0,"12":0,"13":0,"14":27,"15":0,"16":0,"17":1,"18":13,"19":13,"20":13,"21":11,"22":13,"23":1,"24":10,"25":10,"26":9,"27":1,"28":10,"29":1,"30":1,"31":1,"32":1,"33":1,"34":1,"35":1,"36":2,"37":2,"38":1,"39":0,"40":0,"41":1,"42":3,"43":3,"44":1,"45":1,"46":1},"f":{"0":30,"1":0,"2":0,"3":0,"4":0,"5":0,"6":0,"7":0,"8":27,"9":0,"10":0,"11":13,"12":10,"13":1,"14":1,"15":2,"16":0,"17":3,"18":1},"b":{"0":[11,2],"1":[9,1]},"_coverageSchema":"1a1c01bbd47fc00a2c39e90264f33305004495a9","hash":"2f9b0b2b2e3cf7a99cb58d40a7ac3734196f8c77"}
}
