{"/Users/parkhyunwoo/PycharmProjects/jsProject/tddOnBoard/app/api/mongo.js": {"path":"/Users/parkhyunwoo/PycharmProjects/jsProject/tddOnBoard/app/api/mongo.js","statementMap":{"0":{"start":{"line":12,"column":29},"end":{"line":15,"column":1}},"1":{"start":{"line":14,"column":4},"end":{"line":14,"column":14}},"2":{"start":{"line":17,"column":29},"end":{"line":26,"column":1}},"3":{"start":{"line":22,"column":4},"end":{"line":24,"column":5}},"4":{"start":{"line":23,"column":8},"end":{"line":23,"column":21}},"5":{"start":{"line":25,"column":4},"end":{"line":25,"column":16}}},"fnMap":{"0":{"name":"(anonymous_0)","decl":{"start":{"line":12,"column":29},"end":{"line":12,"column":30}},"loc":{"start":{"line":12,"column":46},"end":{"line":15,"column":1}},"line":12},"1":{"name":"(anonymous_1)","decl":{"start":{"line":17,"column":29},"end":{"line":17,"column":30}},"loc":{"start":{"line":17,"column":57},"end":{"line":26,"column":1}},"line":17}},"branchMap":{"0":{"loc":{"start":{"line":22,"column":4},"end":{"line":24,"column":5}},"type":"if","locations":[{"start":{"line":22,"column":4},"end":{"line":24,"column":5}},{"start":{},"end":{}}],"line":22}},"s":{"0":1,"1":13,"2":1,"3":10,"4":1,"5":9},"f":{"0":13,"1":10},"b":{"0":[1,9]},"_coverageSchema":"1a1c01bbd47fc00a2c39e90264f33305004495a9","hash":"6fbe6b2d54d3dd555b40ae9a861316887c13e12d"}
,"/Users/parkhyunwoo/PycharmProjects/jsProject/tddOnBoard/app/func/Card.js": {"path":"/Users/parkhyunwoo/PycharmProjects/jsProject/tddOnBoard/app/func/Card.js","statementMap":{"0":{"start":{"line":3,"column":8},"end":{"line":3,"column":34}},"1":{"start":{"line":4,"column":8},"end":{"line":4,"column":32}},"2":{"start":{"line":5,"column":8},"end":{"line":5,"column":34}},"3":{"start":{"line":6,"column":8},"end":{"line":6,"column":28}},"4":{"start":{"line":10,"column":8},"end":{"line":10,"column":30}},"5":{"start":{"line":14,"column":8},"end":{"line":14,"column":29}},"6":{"start":{"line":18,"column":8},"end":{"line":18,"column":30}},"7":{"start":{"line":22,"column":8},"end":{"line":22,"column":27}},"8":{"start":{"line":26,"column":28},"end":{"line":29,"column":1}},"9":{"start":{"line":27,"column":53},"end":{"line":27,"column":63}},"10":{"start":{"line":28,"column":4},"end":{"line":28,"column":53}},"11":{"start":{"line":31,"column":25},"end":{"line":41,"column":1}},"12":{"start":{"line":32,"column":53},"end":{"line":32,"column":63}},"13":{"start":{"line":33,"column":32},"end":{"line":33,"column":43}},"14":{"start":{"line":34,"column":23},"end":{"line":34,"column":41}},"15":{"start":{"line":35,"column":4},"end":{"line":39,"column":5}},"16":{"start":{"line":36,"column":8},"end":{"line":36,"column":21}},"17":{"start":{"line":38,"column":8},"end":{"line":38,"column":20}},"18":{"start":{"line":43,"column":17},"end":{"line":65,"column":1}}},"fnMap":{"0":{"name":"(anonymous_0)","decl":{"start":{"line":2,"column":4},"end":{"line":2,"column":5}},"loc":{"start":{"line":2,"column":52},"end":{"line":7,"column":5}},"line":2},"1":{"name":"(anonymous_1)","decl":{"start":{"line":9,"column":4},"end":{"line":9,"column":5}},"loc":{"start":{"line":9,"column":19},"end":{"line":11,"column":5}},"line":9},"2":{"name":"(anonymous_2)","decl":{"start":{"line":13,"column":4},"end":{"line":13,"column":5}},"loc":{"start":{"line":13,"column":18},"end":{"line":15,"column":5}},"line":13},"3":{"name":"(anonymous_3)","decl":{"start":{"line":17,"column":4},"end":{"line":17,"column":5}},"loc":{"start":{"line":17,"column":19},"end":{"line":19,"column":5}},"line":17},"4":{"name":"(anonymous_4)","decl":{"start":{"line":21,"column":4},"end":{"line":21,"column":5}},"loc":{"start":{"line":21,"column":16},"end":{"line":23,"column":5}},"line":21},"5":{"name":"(anonymous_5)","decl":{"start":{"line":26,"column":28},"end":{"line":26,"column":29}},"loc":{"start":{"line":26,"column":44},"end":{"line":29,"column":1}},"line":26},"6":{"name":"(anonymous_6)","decl":{"start":{"line":31,"column":25},"end":{"line":31,"column":26}},"loc":{"start":{"line":31,"column":54},"end":{"line":41,"column":1}},"line":31}},"branchMap":{"0":{"loc":{"start":{"line":35,"column":4},"end":{"line":39,"column":5}},"type":"if","locations":[{"start":{"line":35,"column":4},"end":{"line":39,"column":5}},{"start":{"line":37,"column":11},"end":{"line":39,"column":5}}],"line":35}},"s":{"0":2,"1":2,"2":2,"3":2,"4":0,"5":0,"6":0,"7":0,"8":1,"9":1,"10":1,"11":1,"12":1,"13":1,"14":1,"15":1,"16":1,"17":0,"18":1},"f":{"0":2,"1":0,"2":0,"3":0,"4":0,"5":1,"6":1},"b":{"0":[1,0]},"_coverageSchema":"1a1c01bbd47fc00a2c39e90264f33305004495a9","hash":"6b117245152b8ec180effac74364e0686b6c4697"}
,"/Users/parkhyunwoo/PycharmProjects/jsProject/tddOnBoard/app/func/Order.js": {"path":"/Users/parkhyunwoo/PycharmProjects/jsProject/tddOnBoard/app/func/Order.js","statementMap":{"0":{"start":{"line":3,"column":27},"end":{"line":14,"column":1}},"1":{"start":{"line":19,"column":8},"end":{"line":19,"column":34}},"2":{"start":{"line":20,"column":8},"end":{"line":20,"column":40}},"3":{"start":{"line":21,"column":8},"end":{"line":21,"column":30}},"4":{"start":{"line":22,"column":8},"end":{"line":22,"column":34}},"5":{"start":{"line":23,"column":8},"end":{"line":23,"column":26}},"6":{"start":{"line":24,"column":8},"end":{"line":24,"column":28}},"7":{"start":{"line":25,"column":8},"end":{"line":25,"column":44}},"8":{"start":{"line":29,"column":8},"end":{"line":29,"column":30}},"9":{"start":{"line":33,"column":8},"end":{"line":33,"column":33}},"10":{"start":{"line":37,"column":8},"end":{"line":37,"column":28}},"11":{"start":{"line":41,"column":8},"end":{"line":41,"column":30}},"12":{"start":{"line":45,"column":8},"end":{"line":45,"column":26}},"13":{"start":{"line":49,"column":8},"end":{"line":49,"column":31}},"14":{"start":{"line":53,"column":8},"end":{"line":53,"column":34}},"15":{"start":{"line":57,"column":8},"end":{"line":57,"column":29}},"16":{"start":{"line":61,"column":8},"end":{"line":61,"column":31}},"17":{"start":{"line":65,"column":8},"end":{"line":65,"column":27}},"18":{"start":{"line":69,"column":8},"end":{"line":69,"column":36}},"19":{"start":{"line":74,"column":28},"end":{"line":82,"column":1}},"20":{"start":{"line":75,"column":63},"end":{"line":75,"column":74}},"21":{"start":{"line":77,"column":21},"end":{"line":77,"column":48}},"22":{"start":{"line":78,"column":4},"end":{"line":80,"column":5}},"23":{"start":{"line":79,"column":8},"end":{"line":79,"column":53}},"24":{"start":{"line":81,"column":4},"end":{"line":81,"column":23}},"25":{"start":{"line":84,"column":29},"end":{"line":96,"column":1}},"26":{"start":{"line":85,"column":63},"end":{"line":85,"column":74}},"27":{"start":{"line":88,"column":4},"end":{"line":94,"column":5}},"28":{"start":{"line":89,"column":8},"end":{"line":89,"column":54}},"29":{"start":{"line":93,"column":8},"end":{"line":93,"column":52}},"30":{"start":{"line":95,"column":4},"end":{"line":95,"column":23}},"31":{"start":{"line":98,"column":25},"end":{"line":106,"column":1}},"32":{"start":{"line":103,"column":20},"end":{"line":103,"column":47}},"33":{"start":{"line":104,"column":25},"end":{"line":104,"column":48}},"34":{"start":{"line":105,"column":4},"end":{"line":105,"column":26}},"35":{"start":{"line":108,"column":21},"end":{"line":110,"column":1}},"36":{"start":{"line":109,"column":4},"end":{"line":109,"column":16}},"37":{"start":{"line":112,"column":29},"end":{"line":115,"column":1}},"38":{"start":{"line":113,"column":4},"end":{"line":113,"column":52}},"39":{"start":{"line":114,"column":4},"end":{"line":114,"column":23}},"40":{"start":{"line":117,"column":30},"end":{"line":131,"column":1}},"41":{"start":{"line":120,"column":24},"end":{"line":120,"column":50}},"42":{"start":{"line":121,"column":22},"end":{"line":121,"column":32}},"43":{"start":{"line":122,"column":4},"end":{"line":122,"column":44}},"44":{"start":{"line":123,"column":19},"end":{"line":123,"column":57}},"45":{"start":{"line":124,"column":4},"end":{"line":128,"column":5}},"46":{"start":{"line":125,"column":8},"end":{"line":125,"column":57}},"47":{"start":{"line":127,"column":8},"end":{"line":127,"column":55}},"48":{"start":{"line":130,"column":4},"end":{"line":130,"column":23}},"49":{"start":{"line":133,"column":29},"end":{"line":136,"column":1}},"50":{"start":{"line":134,"column":4},"end":{"line":134,"column":52}},"51":{"start":{"line":135,"column":4},"end":{"line":135,"column":23}},"52":{"start":{"line":138,"column":30},"end":{"line":151,"column":1}},"53":{"start":{"line":140,"column":24},"end":{"line":140,"column":50}},"54":{"start":{"line":141,"column":22},"end":{"line":141,"column":32}},"55":{"start":{"line":142,"column":4},"end":{"line":142,"column":44}},"56":{"start":{"line":143,"column":19},"end":{"line":143,"column":57}},"57":{"start":{"line":144,"column":4},"end":{"line":144,"column":26}},"58":{"start":{"line":145,"column":4},"end":{"line":149,"column":5}},"59":{"start":{"line":146,"column":8},"end":{"line":146,"column":57}},"60":{"start":{"line":148,"column":8},"end":{"line":148,"column":55}},"61":{"start":{"line":150,"column":4},"end":{"line":150,"column":23}},"62":{"start":{"line":153,"column":19},"end":{"line":155,"column":1}},"63":{"start":{"line":154,"column":4},"end":{"line":154,"column":52}}},"fnMap":{"0":{"name":"(anonymous_0)","decl":{"start":{"line":18,"column":4},"end":{"line":18,"column":5}},"loc":{"start":{"line":18,"column":85},"end":{"line":26,"column":5}},"line":18},"1":{"name":"(anonymous_1)","decl":{"start":{"line":28,"column":4},"end":{"line":28,"column":5}},"loc":{"start":{"line":28,"column":19},"end":{"line":30,"column":5}},"line":28},"2":{"name":"(anonymous_2)","decl":{"start":{"line":32,"column":4},"end":{"line":32,"column":5}},"loc":{"start":{"line":32,"column":22},"end":{"line":34,"column":5}},"line":32},"3":{"name":"(anonymous_3)","decl":{"start":{"line":36,"column":4},"end":{"line":36,"column":5}},"loc":{"start":{"line":36,"column":17},"end":{"line":38,"column":5}},"line":36},"4":{"name":"(anonymous_4)","decl":{"start":{"line":40,"column":4},"end":{"line":40,"column":5}},"loc":{"start":{"line":40,"column":19},"end":{"line":42,"column":5}},"line":40},"5":{"name":"(anonymous_5)","decl":{"start":{"line":44,"column":4},"end":{"line":44,"column":5}},"loc":{"start":{"line":44,"column":15},"end":{"line":46,"column":5}},"line":44},"6":{"name":"(anonymous_6)","decl":{"start":{"line":48,"column":4},"end":{"line":48,"column":5}},"loc":{"start":{"line":48,"column":24},"end":{"line":50,"column":5}},"line":48},"7":{"name":"(anonymous_7)","decl":{"start":{"line":52,"column":4},"end":{"line":52,"column":5}},"loc":{"start":{"line":52,"column":27},"end":{"line":54,"column":5}},"line":52},"8":{"name":"(anonymous_8)","decl":{"start":{"line":56,"column":4},"end":{"line":56,"column":5}},"loc":{"start":{"line":56,"column":22},"end":{"line":58,"column":5}},"line":56},"9":{"name":"(anonymous_9)","decl":{"start":{"line":60,"column":4},"end":{"line":60,"column":5}},"loc":{"start":{"line":60,"column":24},"end":{"line":62,"column":5}},"line":60},"10":{"name":"(anonymous_10)","decl":{"start":{"line":64,"column":4},"end":{"line":64,"column":5}},"loc":{"start":{"line":64,"column":20},"end":{"line":66,"column":5}},"line":64},"11":{"name":"(anonymous_11)","decl":{"start":{"line":68,"column":4},"end":{"line":68,"column":5}},"loc":{"start":{"line":68,"column":29},"end":{"line":70,"column":5}},"line":68},"12":{"name":"(anonymous_12)","decl":{"start":{"line":74,"column":28},"end":{"line":74,"column":29}},"loc":{"start":{"line":74,"column":45},"end":{"line":82,"column":1}},"line":74},"13":{"name":"(anonymous_13)","decl":{"start":{"line":84,"column":29},"end":{"line":84,"column":30}},"loc":{"start":{"line":84,"column":46},"end":{"line":96,"column":1}},"line":84},"14":{"name":"(anonymous_14)","decl":{"start":{"line":98,"column":25},"end":{"line":98,"column":26}},"loc":{"start":{"line":98,"column":42},"end":{"line":106,"column":1}},"line":98},"15":{"name":"(anonymous_15)","decl":{"start":{"line":108,"column":21},"end":{"line":108,"column":22}},"loc":{"start":{"line":108,"column":37},"end":{"line":110,"column":1}},"line":108},"16":{"name":"(anonymous_16)","decl":{"start":{"line":112,"column":29},"end":{"line":112,"column":30}},"loc":{"start":{"line":112,"column":46},"end":{"line":115,"column":1}},"line":112},"17":{"name":"(anonymous_17)","decl":{"start":{"line":117,"column":30},"end":{"line":117,"column":31}},"loc":{"start":{"line":117,"column":47},"end":{"line":131,"column":1}},"line":117},"18":{"name":"(anonymous_18)","decl":{"start":{"line":133,"column":29},"end":{"line":133,"column":30}},"loc":{"start":{"line":133,"column":46},"end":{"line":136,"column":1}},"line":133},"19":{"name":"(anonymous_19)","decl":{"start":{"line":138,"column":30},"end":{"line":138,"column":31}},"loc":{"start":{"line":138,"column":47},"end":{"line":151,"column":1}},"line":138},"20":{"name":"(anonymous_20)","decl":{"start":{"line":153,"column":19},"end":{"line":153,"column":20}},"loc":{"start":{"line":153,"column":45},"end":{"line":155,"column":1}},"line":153}},"branchMap":{"0":{"loc":{"start":{"line":78,"column":4},"end":{"line":80,"column":5}},"type":"if","locations":[{"start":{"line":78,"column":4},"end":{"line":80,"column":5}},{"start":{},"end":{}}],"line":78},"1":{"loc":{"start":{"line":88,"column":4},"end":{"line":94,"column":5}},"type":"if","locations":[{"start":{"line":88,"column":4},"end":{"line":94,"column":5}},{"start":{"line":90,"column":11},"end":{"line":94,"column":5}}],"line":88},"2":{"loc":{"start":{"line":124,"column":4},"end":{"line":128,"column":5}},"type":"if","locations":[{"start":{"line":124,"column":4},"end":{"line":128,"column":5}},{"start":{"line":126,"column":11},"end":{"line":128,"column":5}}],"line":124},"3":{"loc":{"start":{"line":145,"column":4},"end":{"line":149,"column":5}},"type":"if","locations":[{"start":{"line":145,"column":4},"end":{"line":149,"column":5}},{"start":{"line":147,"column":11},"end":{"line":149,"column":5}}],"line":145}},"s":{"0":1,"1":32,"2":32,"3":32,"4":32,"5":32,"6":32,"7":32,"8":0,"9":0,"10":0,"11":0,"12":0,"13":0,"14":0,"15":30,"16":0,"17":0,"18":0,"19":1,"20":13,"21":13,"22":13,"23":11,"24":13,"25":1,"26":10,"27":10,"28":9,"29":1,"30":10,"31":1,"32":1,"33":1,"34":1,"35":1,"36":1,"37":1,"38":2,"39":2,"40":1,"41":2,"42":2,"43":2,"44":2,"45":2,"46":0,"47":2,"48":2,"49":1,"50":3,"51":3,"52":1,"53":2,"54":2,"55":2,"56":2,"57":2,"58":2,"59":1,"60":1,"61":2,"62":1,"63":4},"f":{"0":32,"1":0,"2":0,"3":0,"4":0,"5":0,"6":0,"7":0,"8":30,"9":0,"10":0,"11":0,"12":13,"13":10,"14":1,"15":1,"16":2,"17":2,"18":3,"19":2,"20":4},"b":{"0":[11,2],"1":[9,1],"2":[0,2],"3":[1,1]},"_coverageSchema":"1a1c01bbd47fc00a2c39e90264f33305004495a9","hash":"87689c7705852a4e786735c3935c39d783cbed62"}
}
