TN:
SF:app/api/mongo.js
FN:12,(anonymous_0)
FN:17,(anonymous_1)
FNF:2
FNH:2
FNDA:13,(anonymous_0)
FNDA:10,(anonymous_1)
DA:12,1
DA:14,13
DA:17,1
DA:22,10
DA:23,1
DA:25,9
LF:6
LH:6
BRDA:22,0,0,1
BRDA:22,0,1,9
BRF:2
BRH:2
end_of_record
TN:
SF:app/func/Card.js
FN:2,(anonymous_0)
FN:9,(anonymous_1)
FN:13,(anonymous_2)
FN:17,(anonymous_3)
FN:21,(anonymous_4)
FN:26,(anonymous_5)
FN:31,(anonymous_6)
FNF:7
FNH:3
FNDA:2,(anonymous_0)
FNDA:0,(anonymous_1)
FNDA:0,(anonymous_2)
FNDA:0,(anonymous_3)
FNDA:0,(anonymous_4)
FNDA:1,(anonymous_5)
FNDA:1,(anonymous_6)
DA:3,2
DA:4,2
DA:5,2
DA:6,2
DA:10,0
DA:14,0
DA:18,0
DA:22,0
DA:26,1
DA:27,1
DA:28,1
DA:31,1
DA:32,1
DA:33,1
DA:34,1
DA:35,1
DA:36,1
DA:38,0
DA:43,1
LF:19
LH:14
BRDA:35,0,0,1
BRDA:35,0,1,0
BRF:2
BRH:1
end_of_record
TN:
SF:app/func/Order.js
FN:18,(anonymous_0)
FN:28,(anonymous_1)
FN:32,(anonymous_2)
FN:36,(anonymous_3)
FN:40,(anonymous_4)
FN:44,(anonymous_5)
FN:48,(anonymous_6)
FN:52,(anonymous_7)
FN:56,(anonymous_8)
FN:60,(anonymous_9)
FN:64,(anonymous_10)
FN:68,(anonymous_11)
FN:74,(anonymous_12)
FN:84,(anonymous_13)
FN:98,(anonymous_14)
FN:108,(anonymous_15)
FN:112,(anonymous_16)
FN:117,(anonymous_17)
FN:133,(anonymous_18)
FN:138,(anonymous_19)
FN:153,(anonymous_20)
FNF:21
FNH:11
FNDA:32,(anonymous_0)
FNDA:0,(anonymous_1)
FNDA:0,(anonymous_2)
FNDA:0,(anonymous_3)
FNDA:0,(anonymous_4)
FNDA:0,(anonymous_5)
FNDA:0,(anonymous_6)
FNDA:0,(anonymous_7)
FNDA:30,(anonymous_8)
FNDA:0,(anonymous_9)
FNDA:0,(anonymous_10)
FNDA:0,(anonymous_11)
FNDA:13,(anonymous_12)
FNDA:10,(anonymous_13)
FNDA:1,(anonymous_14)
FNDA:1,(anonymous_15)
FNDA:2,(anonymous_16)
FNDA:2,(anonymous_17)
FNDA:3,(anonymous_18)
FNDA:2,(anonymous_19)
FNDA:4,(anonymous_20)
DA:3,1
DA:19,32
DA:20,32
DA:21,32
DA:22,32
DA:23,32
DA:24,32
DA:25,32
DA:29,0
DA:33,0
DA:37,0
DA:41,0
DA:45,0
DA:49,0
DA:53,0
DA:57,30
DA:61,0
DA:65,0
DA:69,0
DA:74,1
DA:75,13
DA:77,13
DA:78,13
DA:79,11
DA:81,13
DA:84,1
DA:85,10
DA:88,10
DA:89,9
DA:93,1
DA:95,10
DA:98,1
DA:103,1
DA:104,1
DA:105,1
DA:108,1
DA:109,1
DA:112,1
DA:113,2
DA:114,2
DA:117,1
DA:120,2
DA:121,2
DA:122,2
DA:123,2
DA:124,2
DA:125,0
DA:127,2
DA:130,2
DA:133,1
DA:134,3
DA:135,3
DA:138,1
DA:140,2
DA:141,2
DA:142,2
DA:143,2
DA:144,2
DA:145,2
DA:146,1
DA:148,1
DA:150,2
DA:153,1
DA:154,4
LF:64
LH:53
BRDA:78,0,0,11
BRDA:78,0,1,2
BRDA:88,1,0,9
BRDA:88,1,1,1
BRDA:124,2,0,0
BRDA:124,2,1,2
BRDA:145,3,0,1
BRDA:145,3,1,1
BRF:8
BRH:7
end_of_record
