TN:
SF:app/api/mongo.js
FN:12,(anonymous_0)
FN:17,(anonymous_1)
FNF:2
FNH:2
FNDA:13,(anonymous_0)
FNDA:10,(anonymous_1)
DA:12,1
DA:14,13
DA:17,1
DA:22,10
DA:23,1
DA:25,9
LF:6
LH:6
BRDA:22,0,0,1
BRDA:22,0,1,9
BRF:2
BRH:2
end_of_record
TN:
SF:app/func/Card.js
FN:2,(anonymous_0)
FN:9,(anonymous_1)
FN:13,(anonymous_2)
FN:17,(anonymous_3)
FN:21,(anonymous_4)
FN:26,(anonymous_5)
FN:31,(anonymous_6)
FNF:7
FNH:3
FNDA:2,(anonymous_0)
FNDA:0,(anonymous_1)
FNDA:0,(anonymous_2)
FNDA:0,(anonymous_3)
FNDA:0,(anonymous_4)
FNDA:1,(anonymous_5)
FNDA:1,(anonymous_6)
DA:3,2
DA:4,2
DA:5,2
DA:6,2
DA:10,0
DA:14,0
DA:18,0
DA:22,0
DA:26,1
DA:27,1
DA:28,1
DA:31,1
DA:32,1
DA:33,1
DA:34,1
DA:35,1
DA:36,1
DA:38,0
DA:43,1
LF:19
LH:14
BRDA:35,0,0,1
BRDA:35,0,1,0
BRF:2
BRH:1
end_of_record
TN:
SF:app/func/Order.js
FN:18,(anonymous_0)
FN:27,(anonymous_1)
FN:31,(anonymous_2)
FN:35,(anonymous_3)
FN:39,(anonymous_4)
FN:43,(anonymous_5)
FN:47,(anonymous_6)
FN:51,(anonymous_7)
FN:55,(anonymous_8)
FN:59,(anonymous_9)
FN:63,(anonymous_10)
FN:69,(anonymous_11)
FN:79,(anonymous_12)
FN:93,(anonymous_13)
FN:103,(anonymous_14)
FN:107,(anonymous_15)
FN:112,(anonymous_16)
FN:119,(anonymous_17)
FN:124,(anonymous_18)
FNF:19
FNH:9
FNDA:30,(anonymous_0)
FNDA:0,(anonymous_1)
FNDA:0,(anonymous_2)
FNDA:0,(anonymous_3)
FNDA:0,(anonymous_4)
FNDA:0,(anonymous_5)
FNDA:0,(anonymous_6)
FNDA:0,(anonymous_7)
FNDA:27,(anonymous_8)
FNDA:0,(anonymous_9)
FNDA:0,(anonymous_10)
FNDA:13,(anonymous_11)
FNDA:10,(anonymous_12)
FNDA:1,(anonymous_13)
FNDA:1,(anonymous_14)
FNDA:2,(anonymous_15)
FNDA:0,(anonymous_16)
FNDA:3,(anonymous_17)
FNDA:1,(anonymous_18)
DA:3,1
DA:19,30
DA:20,30
DA:21,30
DA:22,30
DA:23,30
DA:24,30
DA:28,0
DA:32,0
DA:36,0
DA:40,0
DA:44,0
DA:48,0
DA:52,0
DA:56,27
DA:60,0
DA:64,0
DA:69,1
DA:70,13
DA:72,13
DA:73,13
DA:74,11
DA:76,13
DA:79,1
DA:80,10
DA:83,10
DA:84,9
DA:88,1
DA:90,10
DA:93,1
DA:98,1
DA:99,1
DA:100,1
DA:103,1
DA:104,1
DA:107,1
DA:108,2
DA:109,2
DA:112,1
DA:114,0
DA:116,0
DA:119,1
DA:120,3
DA:121,3
DA:124,1
DA:126,1
DA:127,1
LF:47
LH:36
BRDA:73,0,0,11
BRDA:73,0,1,2
BRDA:83,1,0,9
BRDA:83,1,1,1
BRF:4
BRH:4
end_of_record
